2023-05-10 22:13:21,750 | INFO: makeDiscriminator called.	imgDim: (256, 256, 3)	hyperparameterData: [64, (7, 7), (3, 3), (4, 4), 'same', (1, 1), (2, 2), (4, 4), 0.2, 0.001]
2023-05-10 22:13:21,750 | INFO: getRandomSeed called.
2023-05-10 22:13:21,750 | INFO: seed generated: 510981438
2023-05-10 22:13:21,992 | INFO: makeGenerator called.	imgDim: (256, 256, 3)
2023-05-10 22:13:21,993 | INFO: getRandomSeed called.
2023-05-10 22:13:21,994 | INFO: seed generated: 695617605
2023-05-10 22:13:22,035 | INFO: hConvLayer0 created. Value: KerasTensor(type_spec=TensorSpec(shape=(None, 256, 256, 64), dtype=tf.float32, name=None), name='leaky_re_lu_4/LeakyRelu:0', description="created by layer 'leaky_re_lu_4'")	Target activation size: (256, 256, 64)
2023-05-10 22:13:22,074 | INFO: hConvLayer1 created. Value: KerasTensor(type_spec=TensorSpec(shape=(None, 128, 128, 128), dtype=tf.float32, name=None), name='leaky_re_lu_5/LeakyRelu:0', description="created by layer 'leaky_re_lu_5'")	Target activation size: (128,128,128)
2023-05-10 22:13:22,121 | INFO: hConvLayer2 created. Value: KerasTensor(type_spec=TensorSpec(shape=(None, 64, 64, 256), dtype=tf.float32, name=None), name='leaky_re_lu_6/LeakyRelu:0', description="created by layer 'leaky_re_lu_6'")	Target activation size: (64, 64, 256)
2023-05-10 22:13:22,121 | INFO: getResNetBlock called. values:	imgDim: 256	kernelDim: (3, 3)	stride: (1, 1)	padding: same	input: KerasTensor(type_spec=TensorSpec(shape=(None, 64, 64, 256), dtype=tf.float32, name=None), name='leaky_re_lu_6/LeakyRelu:0', description="created by layer 'leaky_re_lu_6'")
2023-05-10 22:13:22,122 | INFO: getRandomSeed called.
2023-05-10 22:13:22,123 | INFO: seed generated: 297722951
2023-05-10 22:13:22,188 | INFO: resLayer0 created. Value: KerasTensor(type_spec=TensorSpec(shape=(None, 64, 64, 256), dtype=tf.float32, name=None), name='activation/Relu:0', description="created by layer 'activation'")	Target activation size: (256,64,64)
2023-05-10 22:13:22,241 | INFO: resLayer1 created. Value: KerasTensor(type_spec=TensorSpec(shape=(None, 64, 64, 256), dtype=tf.float32, name=None), name='activation_1/Relu:0', description="created by layer 'activation_1'")	Target activation size: (256,64,64)
2023-05-10 22:13:22,251 | INFO: getResNetBlock called. values:	imgDim: 256	kernelDim: (3, 3)	stride: (1, 1)	padding: same	input: KerasTensor(type_spec=TensorSpec(shape=(None, 64, 64, 256), dtype=tf.float32, name=None), name='add/add:0', description="created by layer 'add'")
2023-05-10 22:13:22,254 | INFO: getRandomSeed called.
2023-05-10 22:13:22,254 | INFO: seed generated: 594156434
2023-05-10 22:13:22,316 | INFO: resLayer0 created. Value: KerasTensor(type_spec=TensorSpec(shape=(None, 64, 64, 256), dtype=tf.float32, name=None), name='activation_2/Relu:0', description="created by layer 'activation_2'")	Target activation size: (256,64,64)
2023-05-10 22:13:22,376 | INFO: resLayer1 created. Value: KerasTensor(type_spec=TensorSpec(shape=(None, 64, 64, 256), dtype=tf.float32, name=None), name='activation_3/Relu:0', description="created by layer 'activation_3'")	Target activation size: (256,64,64)
2023-05-10 22:13:22,385 | INFO: getResNetBlock called. values:	imgDim: 256	kernelDim: (3, 3)	stride: (1, 1)	padding: same	input: KerasTensor(type_spec=TensorSpec(shape=(None, 64, 64, 256), dtype=tf.float32, name=None), name='add_1/add:0', description="created by layer 'add_1'")
2023-05-10 22:13:22,386 | INFO: getRandomSeed called.
2023-05-10 22:13:22,387 | INFO: seed generated: 101973481
2023-05-10 22:13:22,442 | INFO: resLayer0 created. Value: KerasTensor(type_spec=TensorSpec(shape=(None, 64, 64, 256), dtype=tf.float32, name=None), name='activation_4/Relu:0', description="created by layer 'activation_4'")	Target activation size: (256,64,64)
2023-05-10 22:13:22,492 | INFO: resLayer1 created. Value: KerasTensor(type_spec=TensorSpec(shape=(None, 64, 64, 256), dtype=tf.float32, name=None), name='activation_5/Relu:0', description="created by layer 'activation_5'")	Target activation size: (256,64,64)
2023-05-10 22:13:22,499 | INFO: getResNetBlock called. values:	imgDim: 256	kernelDim: (3, 3)	stride: (1, 1)	padding: same	input: KerasTensor(type_spec=TensorSpec(shape=(None, 64, 64, 256), dtype=tf.float32, name=None), name='add_2/add:0', description="created by layer 'add_2'")
2023-05-10 22:13:22,501 | INFO: getRandomSeed called.
2023-05-10 22:13:22,502 | INFO: seed generated: 727951642
2023-05-10 22:13:22,560 | INFO: resLayer0 created. Value: KerasTensor(type_spec=TensorSpec(shape=(None, 64, 64, 256), dtype=tf.float32, name=None), name='activation_6/Relu:0', description="created by layer 'activation_6'")	Target activation size: (256,64,64)
2023-05-10 22:13:22,622 | INFO: resLayer1 created. Value: KerasTensor(type_spec=TensorSpec(shape=(None, 64, 64, 256), dtype=tf.float32, name=None), name='activation_7/Relu:0', description="created by layer 'activation_7'")	Target activation size: (256,64,64)
2023-05-10 22:13:22,628 | INFO: getResNetBlock called. values:	imgDim: 256	kernelDim: (3, 3)	stride: (1, 1)	padding: same	input: KerasTensor(type_spec=TensorSpec(shape=(None, 64, 64, 256), dtype=tf.float32, name=None), name='add_3/add:0', description="created by layer 'add_3'")
2023-05-10 22:13:22,629 | INFO: getRandomSeed called.
2023-05-10 22:13:22,632 | INFO: seed generated: 879095814
2023-05-10 22:13:22,686 | INFO: resLayer0 created. Value: KerasTensor(type_spec=TensorSpec(shape=(None, 64, 64, 256), dtype=tf.float32, name=None), name='activation_8/Relu:0', description="created by layer 'activation_8'")	Target activation size: (256,64,64)
2023-05-10 22:13:22,738 | INFO: resLayer1 created. Value: KerasTensor(type_spec=TensorSpec(shape=(None, 64, 64, 256), dtype=tf.float32, name=None), name='activation_9/Relu:0', description="created by layer 'activation_9'")	Target activation size: (256,64,64)
2023-05-10 22:13:22,744 | INFO: getResNetBlock called. values:	imgDim: 256	kernelDim: (3, 3)	stride: (1, 1)	padding: same	input: KerasTensor(type_spec=TensorSpec(shape=(None, 64, 64, 256), dtype=tf.float32, name=None), name='add_4/add:0', description="created by layer 'add_4'")
2023-05-10 22:13:22,746 | INFO: getRandomSeed called.
2023-05-10 22:13:22,747 | INFO: seed generated: 216181504
2023-05-10 22:13:22,809 | INFO: resLayer0 created. Value: KerasTensor(type_spec=TensorSpec(shape=(None, 64, 64, 256), dtype=tf.float32, name=None), name='activation_10/Relu:0', description="created by layer 'activation_10'")	Target activation size: (256,64,64)
2023-05-10 22:13:22,865 | INFO: resLayer1 created. Value: KerasTensor(type_spec=TensorSpec(shape=(None, 64, 64, 256), dtype=tf.float32, name=None), name='activation_11/Relu:0', description="created by layer 'activation_11'")	Target activation size: (256,64,64)
2023-05-10 22:13:22,873 | INFO: getResNetBlock called. values:	imgDim: 256	kernelDim: (3, 3)	stride: (1, 1)	padding: same	input: KerasTensor(type_spec=TensorSpec(shape=(None, 64, 64, 256), dtype=tf.float32, name=None), name='add_5/add:0', description="created by layer 'add_5'")
2023-05-10 22:13:22,874 | INFO: getRandomSeed called.
2023-05-10 22:13:22,875 | INFO: seed generated: 646965366
2023-05-10 22:13:22,933 | INFO: resLayer0 created. Value: KerasTensor(type_spec=TensorSpec(shape=(None, 64, 64, 256), dtype=tf.float32, name=None), name='activation_12/Relu:0', description="created by layer 'activation_12'")	Target activation size: (256,64,64)
2023-05-10 22:13:22,988 | INFO: resLayer1 created. Value: KerasTensor(type_spec=TensorSpec(shape=(None, 64, 64, 256), dtype=tf.float32, name=None), name='activation_13/Relu:0', description="created by layer 'activation_13'")	Target activation size: (256,64,64)
2023-05-10 22:13:22,993 | INFO: getResNetBlock called. values:	imgDim: 256	kernelDim: (3, 3)	stride: (1, 1)	padding: same	input: KerasTensor(type_spec=TensorSpec(shape=(None, 64, 64, 256), dtype=tf.float32, name=None), name='add_6/add:0', description="created by layer 'add_6'")
2023-05-10 22:13:22,994 | INFO: getRandomSeed called.
2023-05-10 22:13:22,995 | INFO: seed generated: 601581390
2023-05-10 22:13:23,179 | INFO: resLayer0 created. Value: KerasTensor(type_spec=TensorSpec(shape=(None, 64, 64, 256), dtype=tf.float32, name=None), name='activation_14/Relu:0', description="created by layer 'activation_14'")	Target activation size: (256,64,64)
2023-05-10 22:13:23,235 | INFO: resLayer1 created. Value: KerasTensor(type_spec=TensorSpec(shape=(None, 64, 64, 256), dtype=tf.float32, name=None), name='activation_15/Relu:0', description="created by layer 'activation_15'")	Target activation size: (256,64,64)
2023-05-10 22:13:23,241 | INFO: getResNetBlock called. values:	imgDim: 256	kernelDim: (3, 3)	stride: (1, 1)	padding: same	input: KerasTensor(type_spec=TensorSpec(shape=(None, 64, 64, 256), dtype=tf.float32, name=None), name='add_7/add:0', description="created by layer 'add_7'")
2023-05-10 22:13:23,242 | INFO: getRandomSeed called.
2023-05-10 22:13:23,243 | INFO: seed generated: 922207555
2023-05-10 22:13:23,303 | INFO: resLayer0 created. Value: KerasTensor(type_spec=TensorSpec(shape=(None, 64, 64, 256), dtype=tf.float32, name=None), name='activation_16/Relu:0', description="created by layer 'activation_16'")	Target activation size: (256,64,64)
2023-05-10 22:13:23,358 | INFO: resLayer1 created. Value: KerasTensor(type_spec=TensorSpec(shape=(None, 64, 64, 256), dtype=tf.float32, name=None), name='activation_17/Relu:0', description="created by layer 'activation_17'")	Target activation size: (256,64,64)
2023-05-10 22:13:23,490 | INFO: Generator Summary: <bound method Model.summary of <keras.engine.functional.Functional object at 0x000001BFE191A680>>
2023-05-10 22:13:23,628 | INFO: makeDiscriminator called.	imgDim: (256, 256, 3)	hyperparameterData: [64, (7, 7), (3, 3), (4, 4), 'same', (1, 1), (2, 2), (4, 4), 0.2, 0.001]
2023-05-10 22:13:23,630 | INFO: getRandomSeed called.
2023-05-10 22:13:23,631 | INFO: seed generated: 292507323
2023-05-10 22:13:23,902 | INFO: makeGenerator called.	imgDim: (256, 256, 3)
2023-05-10 22:13:23,904 | INFO: getRandomSeed called.
2023-05-10 22:13:23,904 | INFO: seed generated: 697525252
2023-05-10 22:13:23,941 | INFO: hConvLayer0 created. Value: KerasTensor(type_spec=TensorSpec(shape=(None, 256, 256, 64), dtype=tf.float32, name=None), name='leaky_re_lu_13/LeakyRelu:0', description="created by layer 'leaky_re_lu_13'")	Target activation size: (256, 256, 64)
2023-05-10 22:13:23,980 | INFO: hConvLayer1 created. Value: KerasTensor(type_spec=TensorSpec(shape=(None, 128, 128, 128), dtype=tf.float32, name=None), name='leaky_re_lu_14/LeakyRelu:0', description="created by layer 'leaky_re_lu_14'")	Target activation size: (128,128,128)
2023-05-10 22:13:24,031 | INFO: hConvLayer2 created. Value: KerasTensor(type_spec=TensorSpec(shape=(None, 64, 64, 256), dtype=tf.float32, name=None), name='leaky_re_lu_15/LeakyRelu:0', description="created by layer 'leaky_re_lu_15'")	Target activation size: (64, 64, 256)
2023-05-10 22:13:24,033 | INFO: getResNetBlock called. values:	imgDim: 256	kernelDim: (3, 3)	stride: (1, 1)	padding: same	input: KerasTensor(type_spec=TensorSpec(shape=(None, 64, 64, 256), dtype=tf.float32, name=None), name='leaky_re_lu_15/LeakyRelu:0', description="created by layer 'leaky_re_lu_15'")
2023-05-10 22:13:24,035 | INFO: getRandomSeed called.
2023-05-10 22:13:24,035 | INFO: seed generated: 675603849
2023-05-10 22:13:24,089 | INFO: resLayer0 created. Value: KerasTensor(type_spec=TensorSpec(shape=(None, 64, 64, 256), dtype=tf.float32, name=None), name='activation_18/Relu:0', description="created by layer 'activation_18'")	Target activation size: (256,64,64)
2023-05-10 22:13:24,155 | INFO: resLayer1 created. Value: KerasTensor(type_spec=TensorSpec(shape=(None, 64, 64, 256), dtype=tf.float32, name=None), name='activation_19/Relu:0', description="created by layer 'activation_19'")	Target activation size: (256,64,64)
2023-05-10 22:13:24,161 | INFO: getResNetBlock called. values:	imgDim: 256	kernelDim: (3, 3)	stride: (1, 1)	padding: same	input: KerasTensor(type_spec=TensorSpec(shape=(None, 64, 64, 256), dtype=tf.float32, name=None), name='add_9/add:0', description="created by layer 'add_9'")
2023-05-10 22:13:24,162 | INFO: getRandomSeed called.
2023-05-10 22:13:24,163 | INFO: seed generated: 878807972
2023-05-10 22:13:24,219 | INFO: resLayer0 created. Value: KerasTensor(type_spec=TensorSpec(shape=(None, 64, 64, 256), dtype=tf.float32, name=None), name='activation_20/Relu:0', description="created by layer 'activation_20'")	Target activation size: (256,64,64)
2023-05-10 22:13:24,271 | INFO: resLayer1 created. Value: KerasTensor(type_spec=TensorSpec(shape=(None, 64, 64, 256), dtype=tf.float32, name=None), name='activation_21/Relu:0', description="created by layer 'activation_21'")	Target activation size: (256,64,64)
2023-05-10 22:13:24,280 | INFO: getResNetBlock called. values:	imgDim: 256	kernelDim: (3, 3)	stride: (1, 1)	padding: same	input: KerasTensor(type_spec=TensorSpec(shape=(None, 64, 64, 256), dtype=tf.float32, name=None), name='add_10/add:0', description="created by layer 'add_10'")
2023-05-10 22:13:24,282 | INFO: getRandomSeed called.
2023-05-10 22:13:24,282 | INFO: seed generated: 723004013
2023-05-10 22:13:24,345 | INFO: resLayer0 created. Value: KerasTensor(type_spec=TensorSpec(shape=(None, 64, 64, 256), dtype=tf.float32, name=None), name='activation_22/Relu:0', description="created by layer 'activation_22'")	Target activation size: (256,64,64)
2023-05-10 22:13:24,400 | INFO: resLayer1 created. Value: KerasTensor(type_spec=TensorSpec(shape=(None, 64, 64, 256), dtype=tf.float32, name=None), name='activation_23/Relu:0', description="created by layer 'activation_23'")	Target activation size: (256,64,64)
2023-05-10 22:13:24,412 | INFO: getResNetBlock called. values:	imgDim: 256	kernelDim: (3, 3)	stride: (1, 1)	padding: same	input: KerasTensor(type_spec=TensorSpec(shape=(None, 64, 64, 256), dtype=tf.float32, name=None), name='add_11/add:0', description="created by layer 'add_11'")
2023-05-10 22:13:24,414 | INFO: getRandomSeed called.
2023-05-10 22:13:24,415 | INFO: seed generated: 850850118
2023-05-10 22:13:24,474 | INFO: resLayer0 created. Value: KerasTensor(type_spec=TensorSpec(shape=(None, 64, 64, 256), dtype=tf.float32, name=None), name='activation_24/Relu:0', description="created by layer 'activation_24'")	Target activation size: (256,64,64)
2023-05-10 22:13:24,525 | INFO: resLayer1 created. Value: KerasTensor(type_spec=TensorSpec(shape=(None, 64, 64, 256), dtype=tf.float32, name=None), name='activation_25/Relu:0', description="created by layer 'activation_25'")	Target activation size: (256,64,64)
2023-05-10 22:13:24,536 | INFO: getResNetBlock called. values:	imgDim: 256	kernelDim: (3, 3)	stride: (1, 1)	padding: same	input: KerasTensor(type_spec=TensorSpec(shape=(None, 64, 64, 256), dtype=tf.float32, name=None), name='add_12/add:0', description="created by layer 'add_12'")
2023-05-10 22:13:24,537 | INFO: getRandomSeed called.
2023-05-10 22:13:24,539 | INFO: seed generated: 523186033
2023-05-10 22:13:24,595 | INFO: resLayer0 created. Value: KerasTensor(type_spec=TensorSpec(shape=(None, 64, 64, 256), dtype=tf.float32, name=None), name='activation_26/Relu:0', description="created by layer 'activation_26'")	Target activation size: (256,64,64)
2023-05-10 22:13:24,652 | INFO: resLayer1 created. Value: KerasTensor(type_spec=TensorSpec(shape=(None, 64, 64, 256), dtype=tf.float32, name=None), name='activation_27/Relu:0', description="created by layer 'activation_27'")	Target activation size: (256,64,64)
2023-05-10 22:13:24,658 | INFO: getResNetBlock called. values:	imgDim: 256	kernelDim: (3, 3)	stride: (1, 1)	padding: same	input: KerasTensor(type_spec=TensorSpec(shape=(None, 64, 64, 256), dtype=tf.float32, name=None), name='add_13/add:0', description="created by layer 'add_13'")
2023-05-10 22:13:24,658 | INFO: getRandomSeed called.
2023-05-10 22:13:24,659 | INFO: seed generated: 177949294
2023-05-10 22:13:24,714 | INFO: resLayer0 created. Value: KerasTensor(type_spec=TensorSpec(shape=(None, 64, 64, 256), dtype=tf.float32, name=None), name='activation_28/Relu:0', description="created by layer 'activation_28'")	Target activation size: (256,64,64)
2023-05-10 22:13:24,772 | INFO: resLayer1 created. Value: KerasTensor(type_spec=TensorSpec(shape=(None, 64, 64, 256), dtype=tf.float32, name=None), name='activation_29/Relu:0', description="created by layer 'activation_29'")	Target activation size: (256,64,64)
2023-05-10 22:13:24,779 | INFO: getResNetBlock called. values:	imgDim: 256	kernelDim: (3, 3)	stride: (1, 1)	padding: same	input: KerasTensor(type_spec=TensorSpec(shape=(None, 64, 64, 256), dtype=tf.float32, name=None), name='add_14/add:0', description="created by layer 'add_14'")
2023-05-10 22:13:24,781 | INFO: getRandomSeed called.
2023-05-10 22:13:24,782 | INFO: seed generated: 693184257
2023-05-10 22:13:24,850 | INFO: resLayer0 created. Value: KerasTensor(type_spec=TensorSpec(shape=(None, 64, 64, 256), dtype=tf.float32, name=None), name='activation_30/Relu:0', description="created by layer 'activation_30'")	Target activation size: (256,64,64)
2023-05-10 22:13:24,910 | INFO: resLayer1 created. Value: KerasTensor(type_spec=TensorSpec(shape=(None, 64, 64, 256), dtype=tf.float32, name=None), name='activation_31/Relu:0', description="created by layer 'activation_31'")	Target activation size: (256,64,64)
2023-05-10 22:13:24,917 | INFO: getResNetBlock called. values:	imgDim: 256	kernelDim: (3, 3)	stride: (1, 1)	padding: same	input: KerasTensor(type_spec=TensorSpec(shape=(None, 64, 64, 256), dtype=tf.float32, name=None), name='add_15/add:0', description="created by layer 'add_15'")
2023-05-10 22:13:24,919 | INFO: getRandomSeed called.
2023-05-10 22:13:24,920 | INFO: seed generated: 773608282
2023-05-10 22:13:24,973 | INFO: resLayer0 created. Value: KerasTensor(type_spec=TensorSpec(shape=(None, 64, 64, 256), dtype=tf.float32, name=None), name='activation_32/Relu:0', description="created by layer 'activation_32'")	Target activation size: (256,64,64)
2023-05-10 22:13:25,026 | INFO: resLayer1 created. Value: KerasTensor(type_spec=TensorSpec(shape=(None, 64, 64, 256), dtype=tf.float32, name=None), name='activation_33/Relu:0', description="created by layer 'activation_33'")	Target activation size: (256,64,64)
2023-05-10 22:13:25,034 | INFO: getResNetBlock called. values:	imgDim: 256	kernelDim: (3, 3)	stride: (1, 1)	padding: same	input: KerasTensor(type_spec=TensorSpec(shape=(None, 64, 64, 256), dtype=tf.float32, name=None), name='add_16/add:0', description="created by layer 'add_16'")
2023-05-10 22:13:25,035 | INFO: getRandomSeed called.
2023-05-10 22:13:25,036 | INFO: seed generated: 642287535
2023-05-10 22:13:25,090 | INFO: resLayer0 created. Value: KerasTensor(type_spec=TensorSpec(shape=(None, 64, 64, 256), dtype=tf.float32, name=None), name='activation_34/Relu:0', description="created by layer 'activation_34'")	Target activation size: (256,64,64)
2023-05-10 22:13:25,146 | INFO: resLayer1 created. Value: KerasTensor(type_spec=TensorSpec(shape=(None, 64, 64, 256), dtype=tf.float32, name=None), name='activation_35/Relu:0', description="created by layer 'activation_35'")	Target activation size: (256,64,64)
2023-05-10 22:13:25,272 | INFO: Generator Summary: <bound method Model.summary of <keras.engine.functional.Functional object at 0x000001BFE1B07820>>
