2023-05-10 22:19:48,765 | INFO: makeDiscriminator called.	imgDim: (256, 256, 3)	hyperparameterData: [64, (7, 7), (3, 3), (4, 4), 'same', (1, 1), (2, 2), (4, 4), 0.2, 0.001]
2023-05-10 22:19:48,766 | INFO: getRandomSeed called.
2023-05-10 22:19:48,766 | INFO: seed generated: 429430246
2023-05-10 22:19:49,026 | INFO: makeGenerator called.	imgDim: (256, 256, 3)
2023-05-10 22:19:49,027 | INFO: getRandomSeed called.
2023-05-10 22:19:49,028 | INFO: seed generated: 321970786
2023-05-10 22:19:49,078 | INFO: hConvLayer0 created. Value: KerasTensor(type_spec=TensorSpec(shape=(None, 256, 256, 64), dtype=tf.float32, name=None), name='leaky_re_lu_4/LeakyRelu:0', description="created by layer 'leaky_re_lu_4'")	Target activation size: (256, 256, 64)
2023-05-10 22:19:49,145 | INFO: hConvLayer1 created. Value: KerasTensor(type_spec=TensorSpec(shape=(None, 128, 128, 128), dtype=tf.float32, name=None), name='leaky_re_lu_5/LeakyRelu:0', description="created by layer 'leaky_re_lu_5'")	Target activation size: (128,128,128)
2023-05-10 22:19:49,193 | INFO: hConvLayer2 created. Value: KerasTensor(type_spec=TensorSpec(shape=(None, 64, 64, 256), dtype=tf.float32, name=None), name='leaky_re_lu_6/LeakyRelu:0', description="created by layer 'leaky_re_lu_6'")	Target activation size: (64, 64, 256)
2023-05-10 22:19:49,194 | INFO: getResNetBlock called. values:	imgDim: 256	kernelDim: (3, 3)	stride: (1, 1)	padding: same	input: KerasTensor(type_spec=TensorSpec(shape=(None, 64, 64, 256), dtype=tf.float32, name=None), name='leaky_re_lu_6/LeakyRelu:0', description="created by layer 'leaky_re_lu_6'")
2023-05-10 22:19:49,196 | INFO: getRandomSeed called.
2023-05-10 22:19:49,197 | INFO: seed generated: 343407087
2023-05-10 22:19:49,261 | INFO: resLayer0 created. Value: KerasTensor(type_spec=TensorSpec(shape=(None, 64, 64, 256), dtype=tf.float32, name=None), name='activation/Relu:0', description="created by layer 'activation'")	Target activation size: (256,64,64)
2023-05-10 22:19:49,327 | INFO: resLayer1 created. Value: KerasTensor(type_spec=TensorSpec(shape=(None, 64, 64, 256), dtype=tf.float32, name=None), name='activation_1/Relu:0', description="created by layer 'activation_1'")	Target activation size: (256,64,64)
2023-05-10 22:19:49,335 | INFO: getResNetBlock called. values:	imgDim: 256	kernelDim: (3, 3)	stride: (1, 1)	padding: same	input: KerasTensor(type_spec=TensorSpec(shape=(None, 64, 64, 256), dtype=tf.float32, name=None), name='add/add:0', description="created by layer 'add'")
2023-05-10 22:19:49,338 | INFO: getRandomSeed called.
2023-05-10 22:19:49,339 | INFO: seed generated: 686093401
2023-05-10 22:19:49,393 | INFO: resLayer0 created. Value: KerasTensor(type_spec=TensorSpec(shape=(None, 64, 64, 256), dtype=tf.float32, name=None), name='activation_2/Relu:0', description="created by layer 'activation_2'")	Target activation size: (256,64,64)
2023-05-10 22:19:49,447 | INFO: resLayer1 created. Value: KerasTensor(type_spec=TensorSpec(shape=(None, 64, 64, 256), dtype=tf.float32, name=None), name='activation_3/Relu:0', description="created by layer 'activation_3'")	Target activation size: (256,64,64)
2023-05-10 22:19:49,454 | INFO: getResNetBlock called. values:	imgDim: 256	kernelDim: (3, 3)	stride: (1, 1)	padding: same	input: KerasTensor(type_spec=TensorSpec(shape=(None, 64, 64, 256), dtype=tf.float32, name=None), name='add_1/add:0', description="created by layer 'add_1'")
2023-05-10 22:19:49,455 | INFO: getRandomSeed called.
2023-05-10 22:19:49,456 | INFO: seed generated: 529642066
2023-05-10 22:19:49,514 | INFO: resLayer0 created. Value: KerasTensor(type_spec=TensorSpec(shape=(None, 64, 64, 256), dtype=tf.float32, name=None), name='activation_4/Relu:0', description="created by layer 'activation_4'")	Target activation size: (256,64,64)
2023-05-10 22:19:49,567 | INFO: resLayer1 created. Value: KerasTensor(type_spec=TensorSpec(shape=(None, 64, 64, 256), dtype=tf.float32, name=None), name='activation_5/Relu:0', description="created by layer 'activation_5'")	Target activation size: (256,64,64)
2023-05-10 22:19:49,574 | INFO: getResNetBlock called. values:	imgDim: 256	kernelDim: (3, 3)	stride: (1, 1)	padding: same	input: KerasTensor(type_spec=TensorSpec(shape=(None, 64, 64, 256), dtype=tf.float32, name=None), name='add_2/add:0', description="created by layer 'add_2'")
2023-05-10 22:19:49,576 | INFO: getRandomSeed called.
2023-05-10 22:19:49,579 | INFO: seed generated: 441660470
2023-05-10 22:19:49,638 | INFO: resLayer0 created. Value: KerasTensor(type_spec=TensorSpec(shape=(None, 64, 64, 256), dtype=tf.float32, name=None), name='activation_6/Relu:0', description="created by layer 'activation_6'")	Target activation size: (256,64,64)
2023-05-10 22:19:49,692 | INFO: resLayer1 created. Value: KerasTensor(type_spec=TensorSpec(shape=(None, 64, 64, 256), dtype=tf.float32, name=None), name='activation_7/Relu:0', description="created by layer 'activation_7'")	Target activation size: (256,64,64)
2023-05-10 22:19:49,699 | INFO: getResNetBlock called. values:	imgDim: 256	kernelDim: (3, 3)	stride: (1, 1)	padding: same	input: KerasTensor(type_spec=TensorSpec(shape=(None, 64, 64, 256), dtype=tf.float32, name=None), name='add_3/add:0', description="created by layer 'add_3'")
2023-05-10 22:19:49,701 | INFO: getRandomSeed called.
2023-05-10 22:19:49,702 | INFO: seed generated: 597306568
2023-05-10 22:19:49,759 | INFO: resLayer0 created. Value: KerasTensor(type_spec=TensorSpec(shape=(None, 64, 64, 256), dtype=tf.float32, name=None), name='activation_8/Relu:0', description="created by layer 'activation_8'")	Target activation size: (256,64,64)
2023-05-10 22:19:49,810 | INFO: resLayer1 created. Value: KerasTensor(type_spec=TensorSpec(shape=(None, 64, 64, 256), dtype=tf.float32, name=None), name='activation_9/Relu:0', description="created by layer 'activation_9'")	Target activation size: (256,64,64)
2023-05-10 22:19:49,819 | INFO: getResNetBlock called. values:	imgDim: 256	kernelDim: (3, 3)	stride: (1, 1)	padding: same	input: KerasTensor(type_spec=TensorSpec(shape=(None, 64, 64, 256), dtype=tf.float32, name=None), name='add_4/add:0', description="created by layer 'add_4'")
2023-05-10 22:19:49,821 | INFO: getRandomSeed called.
2023-05-10 22:19:49,824 | INFO: seed generated: 886597482
2023-05-10 22:19:49,913 | INFO: resLayer0 created. Value: KerasTensor(type_spec=TensorSpec(shape=(None, 64, 64, 256), dtype=tf.float32, name=None), name='activation_10/Relu:0', description="created by layer 'activation_10'")	Target activation size: (256,64,64)
2023-05-10 22:19:49,987 | INFO: resLayer1 created. Value: KerasTensor(type_spec=TensorSpec(shape=(None, 64, 64, 256), dtype=tf.float32, name=None), name='activation_11/Relu:0', description="created by layer 'activation_11'")	Target activation size: (256,64,64)
2023-05-10 22:19:49,994 | INFO: getResNetBlock called. values:	imgDim: 256	kernelDim: (3, 3)	stride: (1, 1)	padding: same	input: KerasTensor(type_spec=TensorSpec(shape=(None, 64, 64, 256), dtype=tf.float32, name=None), name='add_5/add:0', description="created by layer 'add_5'")
2023-05-10 22:19:49,996 | INFO: getRandomSeed called.
2023-05-10 22:19:49,997 | INFO: seed generated: 712190146
2023-05-10 22:19:50,059 | INFO: resLayer0 created. Value: KerasTensor(type_spec=TensorSpec(shape=(None, 64, 64, 256), dtype=tf.float32, name=None), name='activation_12/Relu:0', description="created by layer 'activation_12'")	Target activation size: (256,64,64)
2023-05-10 22:19:50,119 | INFO: resLayer1 created. Value: KerasTensor(type_spec=TensorSpec(shape=(None, 64, 64, 256), dtype=tf.float32, name=None), name='activation_13/Relu:0', description="created by layer 'activation_13'")	Target activation size: (256,64,64)
2023-05-10 22:19:50,125 | INFO: getResNetBlock called. values:	imgDim: 256	kernelDim: (3, 3)	stride: (1, 1)	padding: same	input: KerasTensor(type_spec=TensorSpec(shape=(None, 64, 64, 256), dtype=tf.float32, name=None), name='add_6/add:0', description="created by layer 'add_6'")
2023-05-10 22:19:50,126 | INFO: getRandomSeed called.
2023-05-10 22:19:50,126 | INFO: seed generated: 892204572
2023-05-10 22:19:50,305 | INFO: resLayer0 created. Value: KerasTensor(type_spec=TensorSpec(shape=(None, 64, 64, 256), dtype=tf.float32, name=None), name='activation_14/Relu:0', description="created by layer 'activation_14'")	Target activation size: (256,64,64)
2023-05-10 22:19:50,363 | INFO: resLayer1 created. Value: KerasTensor(type_spec=TensorSpec(shape=(None, 64, 64, 256), dtype=tf.float32, name=None), name='activation_15/Relu:0', description="created by layer 'activation_15'")	Target activation size: (256,64,64)
2023-05-10 22:19:50,370 | INFO: getResNetBlock called. values:	imgDim: 256	kernelDim: (3, 3)	stride: (1, 1)	padding: same	input: KerasTensor(type_spec=TensorSpec(shape=(None, 64, 64, 256), dtype=tf.float32, name=None), name='add_7/add:0', description="created by layer 'add_7'")
2023-05-10 22:19:50,373 | INFO: getRandomSeed called.
2023-05-10 22:19:50,376 | INFO: seed generated: 366949729
2023-05-10 22:19:50,430 | INFO: resLayer0 created. Value: KerasTensor(type_spec=TensorSpec(shape=(None, 64, 64, 256), dtype=tf.float32, name=None), name='activation_16/Relu:0', description="created by layer 'activation_16'")	Target activation size: (256,64,64)
2023-05-10 22:19:50,490 | INFO: resLayer1 created. Value: KerasTensor(type_spec=TensorSpec(shape=(None, 64, 64, 256), dtype=tf.float32, name=None), name='activation_17/Relu:0', description="created by layer 'activation_17'")	Target activation size: (256,64,64)
2023-05-10 22:19:50,617 | INFO: Generator Summary: <bound method Model.summary of <keras.engine.functional.Functional object at 0x0000021F47D2C100>>
2023-05-10 22:19:50,654 | INFO: makeDiscriminator called.	imgDim: (256, 256, 3)	hyperparameterData: [64, (7, 7), (3, 3), (4, 4), 'same', (1, 1), (2, 2), (4, 4), 0.2, 0.001]
2023-05-10 22:19:50,655 | INFO: getRandomSeed called.
2023-05-10 22:19:50,656 | INFO: seed generated: 799313139
2023-05-10 22:19:50,845 | INFO: makeGenerator called.	imgDim: (256, 256, 3)
2023-05-10 22:19:50,846 | INFO: getRandomSeed called.
2023-05-10 22:19:50,847 | INFO: seed generated: 175697725
2023-05-10 22:19:50,888 | INFO: hConvLayer0 created. Value: KerasTensor(type_spec=TensorSpec(shape=(None, 256, 256, 64), dtype=tf.float32, name=None), name='leaky_re_lu_13/LeakyRelu:0', description="created by layer 'leaky_re_lu_13'")	Target activation size: (256, 256, 64)
2023-05-10 22:19:50,927 | INFO: hConvLayer1 created. Value: KerasTensor(type_spec=TensorSpec(shape=(None, 128, 128, 128), dtype=tf.float32, name=None), name='leaky_re_lu_14/LeakyRelu:0', description="created by layer 'leaky_re_lu_14'")	Target activation size: (128,128,128)
2023-05-10 22:19:50,972 | INFO: hConvLayer2 created. Value: KerasTensor(type_spec=TensorSpec(shape=(None, 64, 64, 256), dtype=tf.float32, name=None), name='leaky_re_lu_15/LeakyRelu:0', description="created by layer 'leaky_re_lu_15'")	Target activation size: (64, 64, 256)
2023-05-10 22:19:50,973 | INFO: getResNetBlock called. values:	imgDim: 256	kernelDim: (3, 3)	stride: (1, 1)	padding: same	input: KerasTensor(type_spec=TensorSpec(shape=(None, 64, 64, 256), dtype=tf.float32, name=None), name='leaky_re_lu_15/LeakyRelu:0', description="created by layer 'leaky_re_lu_15'")
2023-05-10 22:19:50,975 | INFO: getRandomSeed called.
2023-05-10 22:19:50,975 | INFO: seed generated: 282373808
2023-05-10 22:19:51,040 | INFO: resLayer0 created. Value: KerasTensor(type_spec=TensorSpec(shape=(None, 64, 64, 256), dtype=tf.float32, name=None), name='activation_18/Relu:0', description="created by layer 'activation_18'")	Target activation size: (256,64,64)
2023-05-10 22:19:51,103 | INFO: resLayer1 created. Value: KerasTensor(type_spec=TensorSpec(shape=(None, 64, 64, 256), dtype=tf.float32, name=None), name='activation_19/Relu:0', description="created by layer 'activation_19'")	Target activation size: (256,64,64)
2023-05-10 22:19:51,111 | INFO: getResNetBlock called. values:	imgDim: 256	kernelDim: (3, 3)	stride: (1, 1)	padding: same	input: KerasTensor(type_spec=TensorSpec(shape=(None, 64, 64, 256), dtype=tf.float32, name=None), name='add_9/add:0', description="created by layer 'add_9'")
2023-05-10 22:19:51,112 | INFO: getRandomSeed called.
2023-05-10 22:19:51,114 | INFO: seed generated: 898577531
2023-05-10 22:19:51,175 | INFO: resLayer0 created. Value: KerasTensor(type_spec=TensorSpec(shape=(None, 64, 64, 256), dtype=tf.float32, name=None), name='activation_20/Relu:0', description="created by layer 'activation_20'")	Target activation size: (256,64,64)
2023-05-10 22:19:51,243 | INFO: resLayer1 created. Value: KerasTensor(type_spec=TensorSpec(shape=(None, 64, 64, 256), dtype=tf.float32, name=None), name='activation_21/Relu:0', description="created by layer 'activation_21'")	Target activation size: (256,64,64)
2023-05-10 22:19:51,255 | INFO: getResNetBlock called. values:	imgDim: 256	kernelDim: (3, 3)	stride: (1, 1)	padding: same	input: KerasTensor(type_spec=TensorSpec(shape=(None, 64, 64, 256), dtype=tf.float32, name=None), name='add_10/add:0', description="created by layer 'add_10'")
2023-05-10 22:19:51,256 | INFO: getRandomSeed called.
2023-05-10 22:19:51,256 | INFO: seed generated: 778362077
2023-05-10 22:19:51,312 | INFO: resLayer0 created. Value: KerasTensor(type_spec=TensorSpec(shape=(None, 64, 64, 256), dtype=tf.float32, name=None), name='activation_22/Relu:0', description="created by layer 'activation_22'")	Target activation size: (256,64,64)
2023-05-10 22:19:51,365 | INFO: resLayer1 created. Value: KerasTensor(type_spec=TensorSpec(shape=(None, 64, 64, 256), dtype=tf.float32, name=None), name='activation_23/Relu:0', description="created by layer 'activation_23'")	Target activation size: (256,64,64)
2023-05-10 22:19:51,371 | INFO: getResNetBlock called. values:	imgDim: 256	kernelDim: (3, 3)	stride: (1, 1)	padding: same	input: KerasTensor(type_spec=TensorSpec(shape=(None, 64, 64, 256), dtype=tf.float32, name=None), name='add_11/add:0', description="created by layer 'add_11'")
2023-05-10 22:19:51,372 | INFO: getRandomSeed called.
2023-05-10 22:19:51,373 | INFO: seed generated: 134788481
2023-05-10 22:19:51,428 | INFO: resLayer0 created. Value: KerasTensor(type_spec=TensorSpec(shape=(None, 64, 64, 256), dtype=tf.float32, name=None), name='activation_24/Relu:0', description="created by layer 'activation_24'")	Target activation size: (256,64,64)
2023-05-10 22:19:51,483 | INFO: resLayer1 created. Value: KerasTensor(type_spec=TensorSpec(shape=(None, 64, 64, 256), dtype=tf.float32, name=None), name='activation_25/Relu:0', description="created by layer 'activation_25'")	Target activation size: (256,64,64)
2023-05-10 22:19:51,489 | INFO: getResNetBlock called. values:	imgDim: 256	kernelDim: (3, 3)	stride: (1, 1)	padding: same	input: KerasTensor(type_spec=TensorSpec(shape=(None, 64, 64, 256), dtype=tf.float32, name=None), name='add_12/add:0', description="created by layer 'add_12'")
2023-05-10 22:19:51,490 | INFO: getRandomSeed called.
2023-05-10 22:19:51,491 | INFO: seed generated: 987276431
2023-05-10 22:19:51,541 | INFO: resLayer0 created. Value: KerasTensor(type_spec=TensorSpec(shape=(None, 64, 64, 256), dtype=tf.float32, name=None), name='activation_26/Relu:0', description="created by layer 'activation_26'")	Target activation size: (256,64,64)
2023-05-10 22:19:51,605 | INFO: resLayer1 created. Value: KerasTensor(type_spec=TensorSpec(shape=(None, 64, 64, 256), dtype=tf.float32, name=None), name='activation_27/Relu:0', description="created by layer 'activation_27'")	Target activation size: (256,64,64)
2023-05-10 22:19:51,611 | INFO: getResNetBlock called. values:	imgDim: 256	kernelDim: (3, 3)	stride: (1, 1)	padding: same	input: KerasTensor(type_spec=TensorSpec(shape=(None, 64, 64, 256), dtype=tf.float32, name=None), name='add_13/add:0', description="created by layer 'add_13'")
2023-05-10 22:19:51,612 | INFO: getRandomSeed called.
2023-05-10 22:19:51,613 | INFO: seed generated: 840145761
2023-05-10 22:19:51,671 | INFO: resLayer0 created. Value: KerasTensor(type_spec=TensorSpec(shape=(None, 64, 64, 256), dtype=tf.float32, name=None), name='activation_28/Relu:0', description="created by layer 'activation_28'")	Target activation size: (256,64,64)
2023-05-10 22:19:51,735 | INFO: resLayer1 created. Value: KerasTensor(type_spec=TensorSpec(shape=(None, 64, 64, 256), dtype=tf.float32, name=None), name='activation_29/Relu:0', description="created by layer 'activation_29'")	Target activation size: (256,64,64)
2023-05-10 22:19:51,740 | INFO: getResNetBlock called. values:	imgDim: 256	kernelDim: (3, 3)	stride: (1, 1)	padding: same	input: KerasTensor(type_spec=TensorSpec(shape=(None, 64, 64, 256), dtype=tf.float32, name=None), name='add_14/add:0', description="created by layer 'add_14'")
2023-05-10 22:19:51,741 | INFO: getRandomSeed called.
2023-05-10 22:19:51,742 | INFO: seed generated: 730769925
2023-05-10 22:19:51,815 | INFO: resLayer0 created. Value: KerasTensor(type_spec=TensorSpec(shape=(None, 64, 64, 256), dtype=tf.float32, name=None), name='activation_30/Relu:0', description="created by layer 'activation_30'")	Target activation size: (256,64,64)
2023-05-10 22:19:51,895 | INFO: resLayer1 created. Value: KerasTensor(type_spec=TensorSpec(shape=(None, 64, 64, 256), dtype=tf.float32, name=None), name='activation_31/Relu:0', description="created by layer 'activation_31'")	Target activation size: (256,64,64)
2023-05-10 22:19:51,909 | INFO: getResNetBlock called. values:	imgDim: 256	kernelDim: (3, 3)	stride: (1, 1)	padding: same	input: KerasTensor(type_spec=TensorSpec(shape=(None, 64, 64, 256), dtype=tf.float32, name=None), name='add_15/add:0', description="created by layer 'add_15'")
2023-05-10 22:19:51,911 | INFO: getRandomSeed called.
2023-05-10 22:19:51,912 | INFO: seed generated: 542605967
2023-05-10 22:19:51,971 | INFO: resLayer0 created. Value: KerasTensor(type_spec=TensorSpec(shape=(None, 64, 64, 256), dtype=tf.float32, name=None), name='activation_32/Relu:0', description="created by layer 'activation_32'")	Target activation size: (256,64,64)
2023-05-10 22:19:52,029 | INFO: resLayer1 created. Value: KerasTensor(type_spec=TensorSpec(shape=(None, 64, 64, 256), dtype=tf.float32, name=None), name='activation_33/Relu:0', description="created by layer 'activation_33'")	Target activation size: (256,64,64)
2023-05-10 22:19:52,038 | INFO: getResNetBlock called. values:	imgDim: 256	kernelDim: (3, 3)	stride: (1, 1)	padding: same	input: KerasTensor(type_spec=TensorSpec(shape=(None, 64, 64, 256), dtype=tf.float32, name=None), name='add_16/add:0', description="created by layer 'add_16'")
2023-05-10 22:19:52,039 | INFO: getRandomSeed called.
2023-05-10 22:19:52,040 | INFO: seed generated: 465879222
2023-05-10 22:19:52,102 | INFO: resLayer0 created. Value: KerasTensor(type_spec=TensorSpec(shape=(None, 64, 64, 256), dtype=tf.float32, name=None), name='activation_34/Relu:0', description="created by layer 'activation_34'")	Target activation size: (256,64,64)
2023-05-10 22:19:52,166 | INFO: resLayer1 created. Value: KerasTensor(type_spec=TensorSpec(shape=(None, 64, 64, 256), dtype=tf.float32, name=None), name='activation_35/Relu:0', description="created by layer 'activation_35'")	Target activation size: (256,64,64)
2023-05-10 22:19:52,283 | INFO: Generator Summary: <bound method Model.summary of <keras.engine.functional.Functional object at 0x0000021F482E0FD0>>
